 command line:
   ./waveee_isim_beh.exe
     -intstyle  ise
     -ipchost  localhost
     -ipcport  50380

Wed Oct 16 12:16:21 2019

Total Line Count = 772

 Elaboration time 0.015625 sec.

 Estimate current memory usage 75.0019 Meg. 

 Total signals 10
 Total nets 5
 Total signal drivers 5
 Total blocks 7
 Total primitive blocks 1
 Total processes 4
ntrace select -o on -m / -l this 
ntrace start 
run all 
Simulator is doing circuit initialization process.
Finished circuit initialization process.
