Release 8.1i - xst I.24
Copyright (c) 1995-2005 Xilinx, Inc.  All rights reserved.
--> Parameter TMPDIR set to ./xst/projnav.tmp
CPU : 0.00 / 0.12 s | Elapsed : 0.00 / 0.00 s
 
--> Parameter xsthdpdir set to ./xst
CPU : 0.00 / 0.12 s | Elapsed : 0.00 / 0.00 s
 
--> Reading design: HACode.prj

TABLE OF CONTENTS
  1) Synthesis Options Summary
  2) HDL Compilation
  3) HDL Analysis
  4) HDL Synthesis
     4.1) HDL Synthesis Report
  5) Advanced HDL Synthesis
     5.1) Advanced HDL Synthesis Report
  6) Low Level Synthesis
  7) Final Report

=========================================================================
*                      Synthesis Options Summary                        *
=========================================================================
---- Source Parameters
Input File Name                    : "HACode.prj"
Input Format                       : mixed
Ignore Synthesis Constraint File   : NO

---- Target Parameters
Output File Name                   : "HACode"
Output Format                      : NGC
Target Device                      : Automotive CoolRunner2

---- Source Options
Top Module Name                    : HACode
Automatic FSM Extraction           : YES
FSM Encoding Algorithm             : Auto
Mux Extraction                     : YES
Resource Sharing                   : YES

---- Target Options
Add IO Buffers                     : YES
MACRO Preserve                     : YES
XOR Preserve                       : YES
Equivalent register Removal        : YES

---- General Options
Optimization Goal                  : Speed
Optimization Effort                : 1
Keep Hierarchy                     : YES
RTL Output                         : Yes
Hierarchy Separator                : /
Bus Delimiter                      : <>
Case Specifier                     : maintain

---- Other Options
lso                                : HACode.lso
verilog2001                        : YES
safe_implementation                : No
wysiwyg                            : NO

=========================================================================


=========================================================================
*                          HDL Compilation                              *
=========================================================================
WARNING:HDLParsers:3215 - Unit work/HACode/Behavioral is now defined in a different file: was D:/DELD/HADDER/HACode.vhd, now is D:/Downloads/DELD-20191022T082526Z-001/DELD/HADDER/HACode.vhd
WARNING:HDLParsers:3215 - Unit work/HACode is now defined in a different file: was D:/DELD/HADDER/HACode.vhd, now is D:/Downloads/DELD-20191022T082526Z-001/DELD/HADDER/HACode.vhd
ERROR:HDLParsers:3340 - Project file "D:/Downloads/DELD-20191022T082526Z-001/DELD/HADDER/HACode_vhdl.prj" names two source files, D:/Downloads/DELD-20191022T082526Z-001/DELD/HADDER/HACode.vhd and D:/Downloads/DELD-20191022T082526Z-001/DELD/FullAdder/FullAdderS/FACode.vhd, that both define the same primary unit, work/orgate
--> 

Total memory usage is 142328 kilobytes

Number of errors   :    1 (   0 filtered)
Number of warnings :    2 (   0 filtered)
Number of infos    :    0 (   0 filtered)

