 command line:
   ./wavee_isim_beh.exe
     -intstyle  ise
     -ipchost  localhost
     -ipcport  50369

Wed Oct 16 12:09:58 2019

Total Line Count = 766

 Elaboration time 0.015625 sec.

 Estimate current memory usage 74.7397 Meg. 

 Total signals 8
 Total nets 4
 Total signal drivers 4
 Total blocks 7
 Total primitive blocks 1
 Total processes 4
ntrace select -o on -m / -l this 
ntrace start 
run all 
Simulator is doing circuit initialization process.
Finished circuit initialization process.
