Release 8.1i - xst I.24
Copyright (c) 1995-2005 Xilinx, Inc.  All rights reserved.
--> Parameter TMPDIR set to ./xst/projnav.tmp
CPU : 0.00 / 0.11 s | Elapsed : 0.00 / 0.00 s
 
--> Parameter xsthdpdir set to ./xst
CPU : 0.00 / 0.11 s | Elapsed : 0.00 / 0.00 s
 
--> Reading design: Async.prj

TABLE OF CONTENTS
  1) Synthesis Options Summary
  2) HDL Compilation
  3) HDL Analysis
  4) HDL Synthesis
     4.1) HDL Synthesis Report
  5) Advanced HDL Synthesis
     5.1) Advanced HDL Synthesis Report
  6) Low Level Synthesis
  7) Final Report

=========================================================================
*                      Synthesis Options Summary                        *
=========================================================================
---- Source Parameters
Input File Name                    : "Async.prj"
Input Format                       : mixed
Ignore Synthesis Constraint File   : NO

---- Target Parameters
Output File Name                   : "Async"
Output Format                      : NGC
Target Device                      : Automotive CoolRunner2

---- Source Options
Top Module Name                    : Async
Automatic FSM Extraction           : YES
FSM Encoding Algorithm             : Auto
Mux Extraction                     : YES
Resource Sharing                   : YES

---- Target Options
Add IO Buffers                     : YES
MACRO Preserve                     : YES
XOR Preserve                       : YES
Equivalent register Removal        : YES

---- General Options
Optimization Goal                  : Speed
Optimization Effort                : 1
Keep Hierarchy                     : YES
RTL Output                         : Yes
Hierarchy Separator                : /
Bus Delimiter                      : <>
Case Specifier                     : maintain

---- Other Options
lso                                : Async.lso
verilog2001                        : YES
safe_implementation                : No
wysiwyg                            : NO

=========================================================================


=========================================================================
*                          HDL Compilation                              *
=========================================================================
Compiling vhdl file "D:/deld vhdl/8.  MUX/Asynccounter/asccode.vhd" in Library work.
Architecture behavioral of Entity jkff is up to date.
Architecture str of Entity async is up to date.

=========================================================================
*                            HDL Analysis                               *
=========================================================================
Analyzing Entity <Async> (Architecture <str>).
Entity <Async> analyzed. Unit <Async> generated.

Analyzing Entity <JKFF> (Architecture <behavioral>).
WARNING:Xst:819 - "D:/deld vhdl/8.  MUX/Asynccounter/asccode.vhd" line 38: The following signals are missing in the process sensitivity list:
   s.
Entity <JKFF> analyzed. Unit <JKFF> generated.


=========================================================================
*                           HDL Synthesis                               *
=========================================================================

Synthesizing Unit <JKFF>.
    Related source file is "D:/deld vhdl/8.  MUX/Asynccounter/asccode.vhd".
    Found 1-bit register for signal <s>.
    Summary:
	inferred   1 D-type flip-flop(s).
Unit <JKFF> synthesized.


Synthesizing Unit <Async>.
    Related source file is "D:/deld vhdl/8.  MUX/Asynccounter/asccode.vhd".
Unit <Async> synthesized.


=========================================================================
HDL Synthesis Report

Macro Statistics
# Registers                                            : 4
 1-bit register                                        : 4

=========================================================================

=========================================================================
*                       Advanced HDL Synthesis                          *
=========================================================================


=========================================================================
Advanced HDL Synthesis Report

Macro Statistics
# Registers                                            : 1
 Flip-Flops                                            : 1

=========================================================================

=========================================================================
*                         Low Level Synthesis                           *
=========================================================================

Optimizing unit <Async> ...

Optimizing unit <JKFF> ...
  implementation constraint: INIT=r	 : s

=========================================================================
*                            Final Report                               *
=========================================================================
Final Results
RTL Top Level Output File Name     : Async.ngr
Top Level Output File Name         : Async
Output Format                      : NGC
Optimization Goal                  : Speed
Keep Hierarchy                     : YES
Target Technology                  : Automotive CoolRunner2
Macro Preserve                     : YES
XOR Preserve                       : YES
wysiwyg                            : NO

Design Statistics
# IOs                              : 6

Cell Usage :
# BELS                             : 25
#      AND2                        : 4
#      GND                         : 4
#      INV                         : 4
#      OR2                         : 8
#      VCC                         : 5
# FlipFlops/Latches                : 4
#      FDCE                        : 4
# IO Buffers                       : 6
#      IBUF                        : 2
#      OBUF                        : 4
=========================================================================
CPU : 3.82 / 3.93 s | Elapsed : 4.00 / 4.00 s
 
--> 

Total memory usage is 146616 kilobytes

Number of errors   :    0 (   0 filtered)
Number of warnings :    1 (   0 filtered)
Number of infos    :    0 (   0 filtered)

