Release 8.1i - xst I.24
Copyright (c) 1995-2005 Xilinx, Inc.  All rights reserved.
--> Parameter TMPDIR set to ./xst/projnav.tmp
CPU : 0.00 / 0.08 s | Elapsed : 0.00 / 0.00 s
 
--> Parameter xsthdpdir set to ./xst
CPU : 0.00 / 0.08 s | Elapsed : 0.00 / 0.00 s
 
--> Reading design: FSUB1.prj

TABLE OF CONTENTS
  1) Synthesis Options Summary
  2) HDL Compilation
  3) HDL Analysis
  4) HDL Synthesis
     4.1) HDL Synthesis Report
  5) Advanced HDL Synthesis
     5.1) Advanced HDL Synthesis Report
  6) Low Level Synthesis
  7) Final Report

=========================================================================
*                      Synthesis Options Summary                        *
=========================================================================
---- Source Parameters
Input File Name                    : "FSUB1.prj"
Input Format                       : mixed
Ignore Synthesis Constraint File   : NO

---- Target Parameters
Output File Name                   : "FSUB1"
Output Format                      : NGC
Target Device                      : Automotive CoolRunner2

---- Source Options
Top Module Name                    : FSUB1
Automatic FSM Extraction           : YES
FSM Encoding Algorithm             : Auto
Mux Extraction                     : YES
Resource Sharing                   : YES

---- Target Options
Add IO Buffers                     : YES
MACRO Preserve                     : YES
XOR Preserve                       : YES
Equivalent register Removal        : YES

---- General Options
Optimization Goal                  : Speed
Optimization Effort                : 1
Keep Hierarchy                     : YES
RTL Output                         : Yes
Hierarchy Separator                : /
Bus Delimiter                      : <>
Case Specifier                     : maintain

---- Other Options
lso                                : FSUB1.lso
verilog2001                        : YES
safe_implementation                : No
wysiwyg                            : NO

=========================================================================


=========================================================================
*                          HDL Compilation                              *
=========================================================================
Compiling vhdl file "C:/Users/Subham Jena 1/Desktop/deld vhdl/sub/data/FSUB/FSUB1.vhd" in Library work.
Architecture behavioral of Entity fsub1 is up to date.

=========================================================================
*                            HDL Analysis                               *
=========================================================================
Analyzing Entity <FSUB1> (Architecture <behavioral>).
Entity <FSUB1> analyzed. Unit <FSUB1> generated.


=========================================================================
*                           HDL Synthesis                               *
=========================================================================

Synthesizing Unit <FSUB1>.
    Related source file is "C:/Users/Subham Jena 1/Desktop/deld vhdl/sub/data/FSUB/FSUB1.vhd".
    Found 1-bit xor3 for signal <DIFF>.
Unit <FSUB1> synthesized.


=========================================================================
HDL Synthesis Report

Macro Statistics
# Xors                                                 : 1
 1-bit xor3                                            : 1

=========================================================================

=========================================================================
*                       Advanced HDL Synthesis                          *
=========================================================================


=========================================================================
Advanced HDL Synthesis Report

Macro Statistics
# Xors                                                 : 1
 1-bit xor3                                            : 1

=========================================================================

=========================================================================
*                         Low Level Synthesis                           *
=========================================================================

Optimizing unit <FSUB1> ...

=========================================================================
*                            Final Report                               *
=========================================================================
Final Results
RTL Top Level Output File Name     : FSUB1.ngr
Top Level Output File Name         : FSUB1
Output Format                      : NGC
Optimization Goal                  : Speed
Keep Hierarchy                     : YES
Target Technology                  : Automotive CoolRunner2
Macro Preserve                     : YES
XOR Preserve                       : YES
wysiwyg                            : NO

Design Statistics
# IOs                              : 5

Cell Usage :
# BELS                             : 7
#      AND2                        : 1
#      AND3                        : 1
#      INV                         : 1
#      OR2                         : 2
#      XOR2                        : 2
# IO Buffers                       : 5
#      IBUF                        : 3
#      OBUF                        : 2
=========================================================================
CPU : 1.99 / 2.07 s | Elapsed : 2.00 / 2.00 s
 
--> 

Total memory usage is 145600 kilobytes

Number of errors   :    0 (   0 filtered)
Number of warnings :    0 (   0 filtered)
Number of infos    :    0 (   0 filtered)

