 command line:
   ./asqw_isim_beh.exe
     -intstyle  ise
     -ipchost  localhost
     -ipcport  63271

Thu Oct 24 05:56:15 2019

Total Line Count = 831

 Elaboration time 0.015625 sec.

 Estimate current memory usage 75.1329 Meg. 

 Total signals 27
 Total nets 18
 Total signal drivers 10
 Total blocks 11
 Total primitive blocks 4
 Total processes 10
ntrace select -o on -n /asqw/clok 
ntrace select -o on -n /asqw/rest 
ntrace select -o on -n /asqw/qout 
ntrace start 
run all 
Simulator is doing circuit initialization process.
Finished circuit initialization process.
