 command line:
   ./waveeeeeeeeeeeeeee_isim_beh.exe
     -intstyle  ise
     -ipchost  localhost
     -ipcport  50599

Wed Oct 16 13:23:18 2019

Total Line Count = 748

 Elaboration time 0.015625 sec.

 Estimate current memory usage 74.4735 Meg. 

 Total signals 8
 Total nets 4
 Total signal drivers 4
 Total blocks 7
 Total primitive blocks 1
 Total processes 3
ntrace select -o on -m / -l this 
ntrace start 
run all 
Simulator is doing circuit initialization process.
Finished circuit initialization process.
