 command line:
   ./wave_isim_beh.exe
     -intstyle  ise
     -ipchost  localhost
     -ipcport  2635

Wed Oct 16 10:39:25 2019

Total Line Count = 759

 Elaboration time 0 sec.

 Estimate current memory usage 73.5437 Meg. 

 Total signals 10
 Total nets 5
 Total signal drivers 5
 Total blocks 7
 Total primitive blocks 1
 Total processes 3
ntrace select -o on -n /wave/j 
ntrace select -o on -n /wave/k 
ntrace select -o on -n /wave/clk 
ntrace select -o on -n /wave/rst 
ntrace select -o on -n /wave/q 
ntrace start 
run all 
Simulator is doing circuit initialization process.
Finished circuit initialization process.
