 command line:
   ./waveeee_isim_beh.exe
     -intstyle  ise
     -ipchost  localhost
     -ipcport  50431

Wed Oct 16 12:30:42 2019

Total Line Count = 771

 Elaboration time 0.015625 sec.

 Estimate current memory usage 74.7315 Meg. 

 Total signals 10
 Total nets 5
 Total signal drivers 5
 Total blocks 7
 Total primitive blocks 1
 Total processes 4
ntrace select -o on -m / -l this 
ntrace start 
run all 
Simulator is doing circuit initialization process.
Finished circuit initialization process.
