 command line:
   ./decodew_isim_beh.exe
     -intstyle  ise
     -ipchost  localhost
     -ipcport  51026

Wed Oct 16 14:52:52 2019

Total Line Count = 743

 Elaboration time 0 sec.

 Estimate current memory usage 74.0721 Meg. 

 Total signals 4
 Total nets 11
 Total signal drivers 2
 Total blocks 7
 Total primitive blocks 1
 Total processes 2
ntrace select -o on -n /decodew/i 
ntrace select -o on -n /decodew/y 
ntrace start 
run all 
Simulator is doing circuit initialization process.
Finished circuit initialization process.
