Release 8.1i - xst I.24
Copyright (c) 1995-2005 Xilinx, Inc.  All rights reserved.
--> Parameter TMPDIR set to ./xst/projnav.tmp
CPU : 0.00 / 0.08 s | Elapsed : 0.00 / 0.00 s
 
--> Parameter xsthdpdir set to ./xst
CPU : 0.00 / 0.08 s | Elapsed : 0.00 / 0.00 s
 
--> Reading design: m4to1.prj

TABLE OF CONTENTS
  1) Synthesis Options Summary
  2) HDL Compilation
  3) HDL Analysis
  4) HDL Synthesis
     4.1) HDL Synthesis Report
  5) Advanced HDL Synthesis
     5.1) Advanced HDL Synthesis Report
  6) Low Level Synthesis
  7) Final Report

=========================================================================
*                      Synthesis Options Summary                        *
=========================================================================
---- Source Parameters
Input File Name                    : "m4to1.prj"
Input Format                       : mixed
Ignore Synthesis Constraint File   : NO

---- Target Parameters
Output File Name                   : "m4to1"
Output Format                      : NGC
Target Device                      : XC9500 CPLDs

---- Source Options
Top Module Name                    : m4to1
Automatic FSM Extraction           : YES
FSM Encoding Algorithm             : Auto
Mux Extraction                     : YES
Resource Sharing                   : YES

---- Target Options
Add IO Buffers                     : YES
MACRO Preserve                     : YES
XOR Preserve                       : YES
Equivalent register Removal        : YES

---- General Options
Optimization Goal                  : Speed
Optimization Effort                : 1
Keep Hierarchy                     : YES
RTL Output                         : Yes
Hierarchy Separator                : /
Bus Delimiter                      : <>
Case Specifier                     : maintain

---- Other Options
lso                                : m4to1.lso
verilog2001                        : YES
safe_implementation                : No
wysiwyg                            : NO

=========================================================================


=========================================================================
*                          HDL Compilation                              *
=========================================================================
Compiling vhdl file "C:/Users/Subham Jena 1/Desktop/deld vhdl/8.  MUX/mux8-1str/dsad.vhd" in Library work.
Architecture behavioral of Entity mux2to1 is up to date.
Architecture behavioral of Entity m4to1 is up to date.

=========================================================================
*                            HDL Analysis                               *
=========================================================================
Analyzing Entity <m4to1> (Architecture <behavioral>).
Entity <m4to1> analyzed. Unit <m4to1> generated.

Analyzing Entity <MUX2TO1> (Architecture <behavioral>).
Entity <MUX2TO1> analyzed. Unit <MUX2TO1> generated.


=========================================================================
*                           HDL Synthesis                               *
=========================================================================

Synthesizing Unit <MUX2TO1>.
    Related source file is "C:/Users/Subham Jena 1/Desktop/deld vhdl/8.  MUX/mux8-1str/dsad.vhd".
Unit <MUX2TO1> synthesized.


Synthesizing Unit <m4to1>.
    Related source file is "C:/Users/Subham Jena 1/Desktop/deld vhdl/8.  MUX/mux8-1str/dsad.vhd".
Unit <m4to1> synthesized.


=========================================================================
HDL Synthesis Report

Found no macro
=========================================================================

=========================================================================
*                       Advanced HDL Synthesis                          *
=========================================================================


=========================================================================
Advanced HDL Synthesis Report

Found no macro
=========================================================================

=========================================================================
*                         Low Level Synthesis                           *
=========================================================================
WARNING:Xst:1355 - Unit MUX2TO1 is merged (low complexity)

Optimizing unit <m4to1> ...

=========================================================================
*                            Final Report                               *
=========================================================================
Final Results
RTL Top Level Output File Name     : m4to1.ngr
Top Level Output File Name         : m4to1
Output Format                      : NGC
Optimization Goal                  : Speed
Keep Hierarchy                     : YES
Target Technology                  : XC9500 CPLDs
Macro Preserve                     : YES
XOR Preserve                       : YES
wysiwyg                            : NO

Design Statistics
# IOs                              : 8

Cell Usage :
# BELS                             : 7
#      AND2                        : 2
#      AND3                        : 1
#      INV                         : 3
#      OR2                         : 1
# IO Buffers                       : 6
#      IBUF                        : 5
#      OBUF                        : 1
=========================================================================
CPU : 2.29 / 2.39 s | Elapsed : 2.00 / 2.00 s
 
--> 

Total memory usage is 144704 kilobytes

Number of errors   :    0 (   0 filtered)
Number of warnings :    1 (   0 filtered)
Number of infos    :    0 (   0 filtered)

