 command line:
   ./wave_isim_beh.exe
     -intstyle  ise
     -ipchost  localhost
     -ipcport  10267

Wed Oct 16 09:18:18 2019

Total Line Count = 750

 Elaboration time 0.015625 sec.

 Estimate current memory usage 74.1949 Meg. 

 Total signals 8
 Total nets 4
 Total signal drivers 4
 Total blocks 7
 Total primitive blocks 1
 Total processes 3
ntrace select -o on -n /wave/t 
ntrace select -o on -n /wave/clk 
ntrace select -o on -n /wave/rst 
ntrace select -o on -n /wave/q 
ntrace start 
run all 
Simulator is doing circuit initialization process.
Finished circuit initialization process.
